-------------------------------------------------------------------------------
Test set: com.mikosama.app.AppTest
-------------------------------------------------------------------------------
Tests run: 10, Failures: 1, Errors: 0, Skipped: 0, Time elapsed: 0.011 sec <<< FAILURE! - in com.mikosama.app.AppTest
testParkingLocationChangeAfterLeaveTrue(com.mikosama.app.AppTest)  Time elapsed: 0.004 sec  <<< FAILURE!
junit.framework.ComparisonFailure: expected:<...5> but was:<...2>
	at junit.framework.Assert.assertEquals(Assert.java:81)
	at junit.framework.Assert.assertEquals(Assert.java:87)
	at com.mikosama.app.AppTest.testParkingLocationChangeAfterLeaveTrue(AppTest.java:155)

